\BOOKMARK [0][-]{chapter*.1}{勘 \040误 \040表}{}% 1
\BOOKMARK [0][-]{chapter*.2}{致 \040谢}{}% 2
\BOOKMARK [0][-]{chapter*.3}{序 \040言}{}% 3
\BOOKMARK [0][-]{chapter*.4}{摘 \040要}{}% 4
\BOOKMARK [0][-]{chapter*.5}{Abstract}{}% 5
\BOOKMARK [0][-]{chapter*.6}{插 \040图}{}% 6
\BOOKMARK [0][-]{chapter*.7}{表 \040格}{}% 7
\BOOKMARK [0][-]{chapter*.8}{缩写、符号清单、术语表}{}% 8
\BOOKMARK [0][-]{chapter*.9}{目 \040次}{}% 9
\BOOKMARK [0][-]{chapter.1}{1简介}{}% 10
\BOOKMARK [1][-]{section.1.1}{1.1 为什么}{chapter.1}% 11
\BOOKMARK [1][-]{section.1.2}{1.2 模版简介}{chapter.1}% 12
\BOOKMARK [2][-]{subsection.1.2.1}{1.2.1 LaTeX简介}{section.1.2}% 13
\BOOKMARK [2][-]{subsection.1.2.2}{1.2.2 模版内容}{section.1.2}% 14
\BOOKMARK [0][-]{chapter.2}{2软件环境及设置}{}% 15
\BOOKMARK [1][-]{section.2.1}{2.1 Microsoft Windows系统}{chapter.2}% 16
\BOOKMARK [2][-]{subsection.2.1.1}{2.1.1 32位系统}{section.2.1}% 17
\BOOKMARK [2][-]{subsection.2.1.2}{2.1.2 64位系统}{section.2.1}% 18
\BOOKMARK [1][-]{section.2.2}{2.2 linux系统}{chapter.2}% 19
\BOOKMARK [1][-]{section.2.3}{2.3 Mac系统}{chapter.2}% 20
\BOOKMARK [1][-]{section.2.4}{2.4 本模版所需要的扩展包}{chapter.2}% 21
\BOOKMARK [1][-]{section.2.5}{2.5 测试运行}{chapter.2}% 22
\BOOKMARK [0][-]{chapter.3}{3使用该模版}{}% 23
\BOOKMARK [1][-]{section.3.1}{3.1 模版选项}{chapter.3}% 24
\BOOKMARK [1][-]{section.3.2}{3.2 论文封面题名信息}{chapter.3}% 25
\BOOKMARK [1][-]{section.3.3}{3.3 实战：生成自己的论文第一页}{chapter.3}% 26
\BOOKMARK [1][-]{section.3.4}{3.4 完成题名页信息}{chapter.3}% 27
\BOOKMARK [1][-]{section.3.5}{3.5 正文部分各章节的书写}{chapter.3}% 28
\BOOKMARK [2][-]{subsection.3.5.1}{3.5.1 勘误页}{section.3.5}% 29
\BOOKMARK [2][-]{subsection.3.5.2}{3.5.2 致谢}{section.3.5}% 30
\BOOKMARK [2][-]{subsection.3.5.3}{3.5.3 序言}{section.3.5}% 31
\BOOKMARK [2][-]{subsection.3.5.4}{3.5.4 摘要}{section.3.5}% 32
\BOOKMARK [2][-]{subsection.3.5.5}{3.5.5 英文摘要}{section.3.5}% 33
\BOOKMARK [2][-]{subsection.3.5.6}{3.5.6 图片目录}{section.3.5}% 34
\BOOKMARK [2][-]{subsection.3.5.7}{3.5.7 表格目录}{section.3.5}% 35
\BOOKMARK [2][-]{subsection.3.5.8}{3.5.8 缩写、符号清单、术语表}{section.3.5}% 36
\BOOKMARK [2][-]{subsection.3.5.9}{3.5.9 目录}{section.3.5}% 37
\BOOKMARK [2][-]{subsection.3.5.10}{3.5.10 正文章节内容}{section.3.5}% 38
\BOOKMARK [2][-]{subsection.3.5.11}{3.5.11 参考文献}{section.3.5}% 39
\BOOKMARK [2][-]{subsection.3.5.12}{3.5.12 附录}{section.3.5}% 40
\BOOKMARK [2][-]{subsection.3.5.13}{3.5.13 索引}{section.3.5}% 41
\BOOKMARK [2][-]{subsection.3.5.14}{3.5.14 个人简历}{section.3.5}% 42
\BOOKMARK [2][-]{subsection.3.5.15}{3.5.15 发表文章目录}{section.3.5}% 43
\BOOKMARK [1][-]{section.3.6}{3.6 插入图片}{chapter.3}% 44
\BOOKMARK [2][-]{subsection.3.6.1}{3.6.1 插入图片的应用进阶}{section.3.6}% 45
\BOOKMARK [2][-]{subsection.3.6.2}{3.6.2 子图的使用}{section.3.6}% 46
\BOOKMARK [1][-]{section.3.7}{3.7 插入表格}{chapter.3}% 47
\BOOKMARK [2][-]{subsection.3.7.1}{3.7.1 普通表格的插入}{section.3.7}% 48
\BOOKMARK [2][-]{subsection.3.7.2}{3.7.2 把表格换个样式}{section.3.7}% 49
\BOOKMARK [2][-]{subsection.3.7.3}{3.7.3 有单元格合并的表格}{section.3.7}% 50
\BOOKMARK [2][-]{subsection.3.7.4}{3.7.4 其它高级表格格式及扩展包简介}{section.3.7}% 51
\BOOKMARK [1][-]{section.3.8}{3.8 公式及其编号}{chapter.3}% 52
\BOOKMARK [1][-]{section.3.9}{3.9 索引}{chapter.3}% 53
\BOOKMARK [1][-]{section.3.10}{3.10 参考文献}{chapter.3}% 54
\BOOKMARK [1][-]{section.3.11}{3.11 脚注}{chapter.3}% 55
\BOOKMARK [1][-]{section.3.12}{3.12 重点字符，醒目标示}{chapter.3}% 56
\BOOKMARK [0][-]{chapter.4}{4一些使用技巧}{}% 57
\BOOKMARK [0][-]{chapter.5}{5参考文献格式处理}{}% 58
\BOOKMARK [1][-]{section.5.1}{5.1 一般处理方案}{chapter.5}% 59
\BOOKMARK [1][-]{section.5.2}{5.2 专业处理方案}{chapter.5}% 60
\BOOKMARK [1][-]{section.5.3}{5.3 参考资料}{chapter.5}% 61
\BOOKMARK [1][-]{section.5.4}{5.4 LaTeX参考文献组织思路}{chapter.5}% 62
\BOOKMARK [1][-]{section.5.5}{5.5 如何让BibTeX按你的想法干活}{chapter.5}% 63
\BOOKMARK [1][-]{section.5.6}{5.6 关键所在：*.bst文件}{chapter.5}% 64
\BOOKMARK [2][-]{subsection.5.6.1}{5.6.1 bst文件的结构}{section.5.6}% 65
\BOOKMARK [2][-]{subsection.5.6.2}{5.6.2 BibTeX编程的规则}{section.5.6}% 66
\BOOKMARK [2][-]{subsection.5.6.3}{5.6.3 bst文件的调试技巧}{section.5.6}% 67
\BOOKMARK [1][-]{section.5.7}{5.7 *.mbs与*.dbj文件}{chapter.5}% 68
\BOOKMARK [2][-]{subsection.5.7.1}{5.7.1 一般的bst文件的生成过程}{section.5.7}% 69
\BOOKMARK [2][-]{subsection.5.7.2}{5.7.2 有所不同的注释方式}{section.5.7}% 70
\BOOKMARK [2][-]{subsection.5.7.3}{5.7.3 集大成的*.mbs文件}{section.5.7}% 71
\BOOKMARK [2][-]{subsection.5.7.4}{5.7.4 *.dbj选项文件}{section.5.7}% 72
\BOOKMARK [0][-]{chapter.6}{6其他一些反馈的问题}{}% 73
\BOOKMARK [1][-]{section.6.1}{6.1 关于使用author year 参考文献引用方式的问题}{chapter.6}% 74
\BOOKMARK [1][-]{section.6.2}{6.2 关于chapter居中格式的问题}{chapter.6}% 75
\BOOKMARK [1][-]{section.6.3}{6.3 关于章级目录有时居中有时不居中的解决方案}{chapter.6}% 76
\BOOKMARK [1][-]{section.6.4}{6.4 关于标题两行还写不下的问题}{chapter.6}% 77
\BOOKMARK [1][-]{section.6.5}{6.5 目录层次与子目录分层缩进}{chapter.6}% 78
\BOOKMARK [1][-]{section.6.6}{6.6 关于分章参考文献的用法}{chapter.6}% 79
\BOOKMARK [1][-]{section.6.7}{6.7 第X章格式的修改}{chapter.6}% 80
\BOOKMARK [2][-]{subsection.6.7.1}{6.7.1 后续修订说明}{section.6.7}% 81
\BOOKMARK [1][-]{section.6.8}{6.8 多个参考文献文中标格式}{chapter.6}% 82
\BOOKMARK [1][-]{section.6.9}{6.9 关于每一章标题头上的空白部分}{chapter.6}% 83
\BOOKMARK [1][-]{section.6.10}{6.10 GBK与UTF版本的问题}{chapter.6}% 84
\BOOKMARK [1][-]{section.6.11}{6.11 2016年新版CTeX的问题}{chapter.6}% 85
\BOOKMARK [1][-]{section.6.12}{6.12 非正文部分不带页眉的方法}{chapter.6}% 86
\BOOKMARK [1][-]{section.6.13}{6.13 第三方的参考文献模板}{chapter.6}% 87
\BOOKMARK [0][-]{chapter.7}{7beamer的使用}{}% 88
\BOOKMARK [1][-]{section.7.1}{7.1 模版工具包}{chapter.7}% 89
\BOOKMARK [1][-]{section.7.2}{7.2 标题及作者等}{chapter.7}% 90
\BOOKMARK [1][-]{section.7.3}{7.3 正文部分}{chapter.7}% 91
\BOOKMARK [2][-]{subsection.7.3.1}{7.3.1 题目页}{section.7.3}% 92
\BOOKMARK [2][-]{subsection.7.3.2}{7.3.2 目录页}{section.7.3}% 93
\BOOKMARK [2][-]{subsection.7.3.3}{7.3.3 正文页}{section.7.3}% 94
\BOOKMARK [2][-]{subsection.7.3.4}{7.3.4 block环境}{section.7.3}% 95
\BOOKMARK [2][-]{subsection.7.3.5}{7.3.5 插入图片}{section.7.3}% 96
\BOOKMARK [2][-]{subsection.7.3.6}{7.3.6 插入表格}{section.7.3}% 97
\BOOKMARK [1][-]{section.7.4}{7.4 动态效果}{chapter.7}% 98
\BOOKMARK [0][-]{chapter*.24}{参考文献}{}% 99
\BOOKMARK [0][-]{appendix*.25}{附录A}{}% 100
\BOOKMARK [0][-]{appendix*.26}{附录B}{}% 101
\BOOKMARK [0][-]{section*.27}{索 \040引}{}% 102
\BOOKMARK [0][-]{appendix*.28}{作者简历}{}% 103
\BOOKMARK [0][-]{appendix*.29}{发表文章目录}{}% 104
