This is pdfTeX, Version 3.1415926-2.3-1.40.12 (MiKTeX 2.9) (preloaded format=latex 2016.12.12)  28 DEC 2016 21:35
entering extended mode
**D:/master*thesis/ZJUthesis-master/ZJUthesis/rookie_ZJUthesis_v2.2.1_GBKUTF/gb
kver/è®ºæ–‡æ¨¡ç‰ˆç¤ºä¾‹.tex

("D:/master thesis/ZJUthesis-master/ZJUthesis/rookie_ZJUthesis_v2.2.1_GBKUTF/gb
kver/è®ºæ–‡æ¨¡ç‰ˆç¤ºä¾‹.tex"
LaTeX2e <2011/06/27>
Babel <v3.8m> and hyphenation patterns for english, afrikaans, ancientgreek, ar
abic, armenian, assamese, basque, bengali, bokmal, bulgarian, catalan, coptic, 
croatian, czech, danish, dutch, esperanto, estonian, farsi, finnish, french, ga
lician, german, german-x-2009-06-19, greek, gujarati, hindi, hungarian, iceland
ic, indonesian, interlingua, irish, italian, kannada, kurmanji, lao, latin, lat
vian, lithuanian, malayalam, marathi, mongolian, mongolianlmc, monogreek, ngerm
an, ngerman-x-2009-06-19, nynorsk, oriya, panjabi, pinyin, polish, portuguese, 
romanian, russian, sanskrit, serbian, slovak, slovenian, spanish, swedish, swis
sgerman, tamil, telugu, turkish, turkmen, ukenglish, ukrainian, uppersorbian, u
senglishmax, welsh, loaded.

("D:\master thesis\ZJUthesis-master\ZJUthesis\rookie_ZJUthesis_v2.2.1_GBKUTF\gb
kver\ZJUthesis.cls"
Document Class: ZJUthesis 2013/01/25 v2.0 ZJUthesis document class
(E:\CTEX\MiKTeX\tex\latex\ctex\ctexbook.cls
Document Class: ctexbook 2011/03/11 v1.02c ctexbook document class
(E:\CTEX\MiKTeX\tex\latex\ctex\opt\ctex-common-opts.def)
(E:\CTEX\MiKTeX\tex\latex\ctex\opt\ctex-caption-opts.def
\c@CTEX@sectiondepth=\count79
)
(E:\CTEX\MiKTeX\tex\latex\ctex\opt\ctex-class-opts.def)
(E:\CTEX\CTeX\tex\latex\ctex\cfg\ctexopts.cfg)
(E:\CTEX\MiKTeX\tex\latex\ctex\def\ctex-loadclass.def
(E:\CTEX\MiKTeX\tex\latex\base\book.cls
Document Class: book 2007/10/19 v1.4h Standard LaTeX document class
(E:\CTEX\MiKTeX\tex\latex\base\bk12.clo
File: bk12.clo 2007/10/19 v1.4h Standard LaTeX file (size option)
)
\c@part=\count80
\c@chapter=\count81
\c@section=\count82
\c@subsection=\count83
\c@subsubsection=\count84
\c@paragraph=\count85
\c@subparagraph=\count86
\c@figure=\count87
\c@table=\count88
\abovecaptionskip=\skip41
\belowcaptionskip=\skip42
\bibindent=\dimen102
))
(E:\CTEX\MiKTeX\tex\latex\ctex\def\ctex-common.def
(E:\CTEX\MiKTeX\tex\latex\l3kernel\expl3.sty
(E:\CTEX\MiKTeX\tex\latex\l3kernel\l3names.sty
(E:\CTEX\MiKTeX\tex\latex\l3kernel\l3bootstrap.sty
Package: l3bootstrap 2011/12/29 v3110 L3 Experimental bootstrap code
)
Package: l3names 2011/12/30 v3113 L3 Experimental namespace for primitives
)
(E:\CTEX\MiKTeX\tex\latex\misc\etex.sty
Package: etex 1998/03/26 v2.0 eTeX basic definition package (PEB)
\et@xins=\count89
)
Package: expl3 2012/02/26 v3471 L3 Experimental code bundle wrapper

(E:\CTEX\MiKTeX\tex\latex\graphics\color.sty
Package: color 2005/11/14 v1.0j Standard LaTeX Color (DPC)

(E:\CTEX\MiKTeX\tex\latex\00miktex\color.cfg
File: color.cfg 2007/01/18 v1.5 color configuration of teTeX/TeXLive
)
Package color Info: Driver file: dvips.def on input line 130.

(E:\CTEX\MiKTeX\tex\latex\graphics\dvips.def
File: dvips.def 1999/02/16 v3.0i Driver-dependant file (DPC,SPQR)
)
(E:\CTEX\MiKTeX\tex\latex\graphics\dvipsnam.def
File: dvipsnam.def 1999/02/16 v3.0i Driver-dependant file (DPC,SPQR)
))
(E:\CTEX\MiKTeX\tex\latex\graphics\graphics.sty
Package: graphics 2009/02/05 v1.0o Standard LaTeX Graphics (DPC,SPQR)

(E:\CTEX\MiKTeX\tex\latex\graphics\trig.sty
Package: trig 1999/03/16 v1.09 sin cos tan (DPC)
)
(E:\CTEX\MiKTeX\tex\latex\00miktex\graphics.cfg
File: graphics.cfg 2007/01/18 v1.5 graphics configuration of teTeX/TeXLive
)
Package graphics Info: Driver file: dvips.def on input line 91.
)
(E:\CTEX\MiKTeX\tex\latex\l3kernel\l3basics.sty
Package: l3basics 2012/02/26 v3460 L3 Experimental basic definitions
)
(E:\CTEX\MiKTeX\tex\latex\l3kernel\l3expan.sty
Package: l3expan 2012/02/26 v3460 L3 Experimental argument expansion
)
(E:\CTEX\MiKTeX\tex\latex\l3kernel\l3tl.sty
Package: l3tl 2012/02/26 v3460 L3 Experimental token lists
)
(E:\CTEX\MiKTeX\tex\latex\l3kernel\l3seq.sty
Package: l3seq 2012/01/09 v3158 L3 Experimental sequences and stacks
)
(E:\CTEX\MiKTeX\tex\latex\l3kernel\l3int.sty
Package: l3int 2012/02/26 v3460 L3 Experimental integers
\c_max_int=\count90
\l_tmpa_int=\count91
\l_tmpb_int=\count92
\l_tmpc_int=\count93
\g_tmpa_int=\count94
\g_tmpb_int=\count95
)
(E:\CTEX\MiKTeX\tex\latex\l3kernel\l3quark.sty
Package: l3quark 2012/02/12 v3384 L3 Experimental quarks
)
(E:\CTEX\MiKTeX\tex\latex\l3kernel\l3prg.sty
Package: l3prg 2012/02/26 v3464 L3 Experimental control structures
\g_prg_map_int=\count96
)
(E:\CTEX\MiKTeX\tex\latex\l3kernel\l3clist.sty
Package: l3clist 2012/02/26 v3460 L3 Experimental comma separated lists
)
(E:\CTEX\MiKTeX\tex\latex\l3kernel\l3token.sty
Package: l3token 2012/02/26 v3460 L3 Experimental token manipulation
)
(E:\CTEX\MiKTeX\tex\latex\l3kernel\l3prop.sty
Package: l3prop 2012/02/26 v3460 L3 Experimental property lists
)
(E:\CTEX\MiKTeX\tex\latex\l3kernel\l3msg.sty
Package: l3msg 2012/02/26 v3470 L3 Experimental messages
)
(E:\CTEX\MiKTeX\tex\latex\l3kernel\l3file.sty
Package: l3file 2012/02/26 v3464 L3 Experimental file and I/O operations
\l_iow_stream_int=\count97
\l_iow_line_length_int=\count98
\l_iow_target_length_int=\count99
\l_iow_current_line_int=\count100
\l_iow_current_word_int=\count101
\l_iow_current_indentation_int=\count102
)
(E:\CTEX\MiKTeX\tex\latex\l3kernel\l3skip.sty
Package: l3skip 2012/02/26 v3460 L3 Experimental dimensions and skips
\l_tmpa_dim=\dimen103
\l_tmpb_dim=\dimen104
\l_tmpc_dim=\dimen105
\g_tmpa_dim=\dimen106
\g_tmpb_dim=\dimen107
\l_tmpa_skip=\skip43
\l_tmpb_skip=\skip44
\l_tmpc_skip=\skip45
\g_tmpa_skip=\skip46
\g_tmpb_skip=\skip47
)
(E:\CTEX\MiKTeX\tex\latex\l3kernel\l3keys.sty
Package: l3keys 2011/12/22 v3086 L3 Experimental key-value interfaces
\g_keyval_level_int=\count103
\l_keys_choice_int=\count104
)
(E:\CTEX\MiKTeX\tex\latex\l3kernel\l3fp.sty
Package: l3fp 2012/02/06 v3315 L3 Experimental floating-point operations
\c_one_million=\count105
\c_one_hundred_million=\count106
\c_five_hundred_million=\count107
\c_one_thousand_million=\count108
\c_fp_pi_by_four_decimal_int=\count109
\c_fp_pi_by_four_extended_int=\count110
\c_fp_pi_decimal_int=\count111
\c_fp_pi_extended_int=\count112
\c_fp_two_pi_decimal_int=\count113
\c_fp_two_pi_extended_int=\count114
\l_fp_count_int=\count115
\l_fp_div_offset_int=\count116
\l_fp_exp_integer_int=\count117
\l_fp_exp_decimal_int=\count118
\l_fp_exp_extended_int=\count119
\l_fp_exp_exponent_int=\count120
\l_fp_input_a_sign_int=\count121
\l_fp_input_a_integer_int=\count122
\l_fp_input_a_decimal_int=\count123
\l_fp_input_a_exponent_int=\count124
\l_fp_input_b_sign_int=\count125
\l_fp_input_b_integer_int=\count126
\l_fp_input_b_decimal_int=\count127
\l_fp_input_b_exponent_int=\count128
\l_fp_input_a_extended_int=\count129
\l_fp_input_b_extended_int=\count130
\l_fp_mul_a_i_int=\count131
\l_fp_mul_a_ii_int=\count132
\l_fp_mul_a_iii_int=\count133
\l_fp_mul_a_iv_int=\count134
\l_fp_mul_a_v_int=\count135
\l_fp_mul_a_vi_int=\count136
\l_fp_mul_b_i_int=\count137
\l_fp_mul_b_ii_int=\count138
\l_fp_mul_b_iii_int=\count139
\l_fp_mul_b_iv_int=\count140
\l_fp_mul_b_v_int=\count141
\l_fp_mul_b_vi_int=\count142
\l_fp_mul_output_int=\count143
\l_fp_output_sign_int=\count144
\l_fp_output_integer_int=\count145
\l_fp_output_decimal_int=\count146
\l_fp_output_exponent_int=\count147
\l_fp_output_extended_int=\count148
\l_fp_round_position_int=\count149
\l_fp_round_target_int=\count150
\l_fp_split_sign_int=\count151
\l_fp_internal_int=\count152
\l_fp_trig_octant_int=\count153
\l_fp_trig_sign_int=\count154
\l_fp_trig_decimal_int=\count155
\l_fp_trig_extended_int=\count156
\l_fp_internal_dim=\dimen108
\l_fp_internal_skip=\skip48
)
(E:\CTEX\MiKTeX\tex\latex\l3kernel\l3box.sty
Package: l3box 2012/02/18 v3432 L3 Experimental boxes
\l_tmpb_box=\box26
\l_box_top_dim=\dimen109
\l_box_bottom_dim=\dimen110
\l_box_left_dim=\dimen111
\l_box_right_dim=\dimen112
\l_box_top_new_dim=\dimen113
\l_box_bottom_new_dim=\dimen114
\l_box_left_new_dim=\dimen115
\l_box_right_new_dim=\dimen116
\l_box_internal_box=\box27
)
(E:\CTEX\MiKTeX\tex\latex\l3kernel\l3coffins.sty
Package: l3coffins 2012/02/26 v3460 L3 Experimental coffin code layer
\l_coffin_internal_box=\box28
\l_coffin_internal_dim=\dimen117
\l_coffin_offset_x_dim=\dimen118
\l_coffin_offset_y_dim=\dimen119
\l_coffin_x_dim=\dimen120
\l_coffin_y_dim=\dimen121
\l_coffin_x_prime_dim=\dimen122
\l_coffin_y_prime_dim=\dimen123
\l_coffin_Depth_dim=\dimen124
\l_coffin_Height_dim=\dimen125
\l_coffin_TotalHeight_dim=\dimen126
\l_coffin_Width_dim=\dimen127
\c_empty_coffin=\box29
\l_coffin_aligned_coffin=\box30
\l_coffin_aligned_internal_coffin=\box31
\l_coffin_bounding_shift_dim=\dimen128
\l_coffin_left_corner_dim=\dimen129
\l_coffin_right_corner_dim=\dimen130
\l_coffin_bottom_corner_dim=\dimen131
\l_coffin_top_corner_dim=\dimen132
\l_coffin_scaled_total_height_dim=\dimen133
\l_coffin_scaled_width_dim=\dimen134
\l_coffin_display_coffin=\box32
\l_coffin_display_coord_coffin=\box33
\l_coffin_display_pole_coffin=\box34
\l_coffin_display_offset_dim=\dimen135
\l_coffin_display_x_dim=\dimen136
\l_coffin_display_y_dim=\dimen137
)
(E:\CTEX\MiKTeX\tex\latex\l3kernel\l3color.sty
Package: l3color 2011/09/07 v2776 L3 Experimental colour support
)
(E:\CTEX\MiKTeX\tex\latex\l3kernel\l3luatex.sty
Package: l3luatex 2012/02/09 v3355 L3 Experimental LuaTeX-specific functions
\g_cctab_allocate_int=\count157
\g_cctab_stack_int=\count158
))
(E:\CTEX\MiKTeX\tex\latex\etoolbox\etoolbox.sty
Package: etoolbox 2011/01/03 v2.1 e-TeX tools for LaTeX
\etb@tempcnta=\count159
)
(E:\CTEX\MiKTeX\tex\generic\oberdiek\ifpdf.sty
Package: ifpdf 2011/01/30 v2.3 Provides the ifpdf switch (HO)
Package ifpdf Info: pdfTeX in PDF mode is not detected.
)
(E:\CTEX\MiKTeX\tex\generic\ifxetex\ifxetex.sty
Package: ifxetex 2010/09/12 v0.6 Provides ifxetex conditional
)
(E:\CTEX\MiKTeX\tex\latex\graphics\keyval.sty
Package: keyval 1999/03/16 v1.13 key=value parser (DPC)
\KV@toks@=\toks14
)
(E:\CTEX\MiKTeX\tex\latex\tools\indentfirst.sty
Package: indentfirst 1995/11/23 v1.03 Indent first paragraph (DPC)
)
(E:\CTEX\MiKTeX\tex\latex\base\fix-cm.sty
Package: fix-cm 2006/09/13 v1.1m fixes to LaTeX

(E:\CTEX\MiKTeX\tex\latex\base\ts1enc.def
File: ts1enc.def 2001/06/05 v3.0e (jk/car/fm) Standard LaTeX file
))
(E:\CTEX\MiKTeX\tex\latex\fancyhdr\fancyhdr.sty
\fancy@headwidth=\skip49
\f@ncyO@elh=\skip50
\f@ncyO@erh=\skip51
\f@ncyO@olh=\skip52
\f@ncyO@orh=\skip53
\f@ncyO@elf=\skip54
\f@ncyO@erf=\skip55
\f@ncyO@olf=\skip56
\f@ncyO@orf=\skip57
)
(E:\CTEX\MiKTeX\tex\latex\ctex\engine\ctex-cjk-engine.def
(E:\CTEX\MiKTeX\tex\latex\cjk\CJK.sty
Package: CJK 2008/12/29 4.8.2

(E:\CTEX\MiKTeX\tex\latex\cjk\mule\MULEenc.sty
Package: MULEenc 2008/12/29 4.8.2
)
(E:\CTEX\MiKTeX\tex\latex\cjk\CJK.enc
File: CJK.enc 2008/12/29 4.8.2
)
LaTeX Info: Redefining \selectfont on input line 756.
\CJK@indent=\box35
)
(E:\CTEX\CTeX\tex\latex\CJKpunct\CJKpunct.sty
Package: CJKpunct 2010/02/21 4.8.2-2
\CJKpunct@cnta=\count160
\CJKpunct@cntb=\count161
\CJKpunct@cntc=\count162
\CJKpunct@cntd=\count163
\CJKpunct@cnte=\count164

(E:\CTEX\CTeX\tex\latex\CJKpunct\CJKpunct.spa))
(E:\CTEX\MiKTeX\tex\latex\ctex\engine\ctex-cjk-common.def
\ccwd=\dimen138
)
(E:\CTEX\MiKTeX\tex\latex\ctex\fontset\ctex-cjk-winfonts.def
(E:\CTEX\MiKTeX\tex\generic\zhmetrics\zhwinfonts.tex
(E:\CTEX\MiKTeX\tex\generic\oberdiek\ifpdf.sty
Package ifpdf Info: The package is already loaded, stopped on input line 64.
))))
\CTEX@q=\count165
\CTEX@r=\count166
)
(E:\CTEX\MiKTeX\tex\latex\ctex\def\ctex-caption.def)
(E:\CTEX\MiKTeX\tex\latex\ctex\def\ctex-class.def)
(E:\CTEX\MiKTeX\tex\latex\ctex\def\ctex-book.def))
(E:\CTEX\MiKTeX\tex\latex\ctex\def\ctex-gbk.def)
(E:\CTEX\MiKTeX\tex\latex\ctex\cfg\ctexcap.cfg
(E:\CTEX\MiKTeX\tex\latex\ctex\cfg\ctexcap-gbk.cfg))
(E:\CTEX\MiKTeX\tex\latex\ctex\cfg\ctex.cfg)
(E:\CTEX\MiKTeX\tex\latex\ams\math\amsmath.sty
Package: amsmath 2000/07/18 v2.13 AMS math features
\@mathmargin=\skip58

For additional information on amsmath, use the `?' option.
(E:\CTEX\MiKTeX\tex\latex\ams\math\amstext.sty
Package: amstext 2000/06/29 v2.01

(E:\CTEX\MiKTeX\tex\latex\ams\math\amsgen.sty
File: amsgen.sty 1999/11/30 v2.0
\@emptytoks=\toks15
\ex@=\dimen139
))
(E:\CTEX\MiKTeX\tex\latex\ams\math\amsbsy.sty
Package: amsbsy 1999/11/29 v1.2d
\pmbraise@=\dimen140
)
(E:\CTEX\MiKTeX\tex\latex\ams\math\amsopn.sty
Package: amsopn 1999/12/14 v2.01 operator names
)
\inf@bad=\count167
LaTeX Info: Redefining \frac on input line 211.
\uproot@=\count168
\leftroot@=\count169
LaTeX Info: Redefining \overline on input line 307.
\classnum@=\count170
\DOTSCASE@=\count171
LaTeX Info: Redefining \ldots on input line 379.
LaTeX Info: Redefining \dots on input line 382.
LaTeX Info: Redefining \cdots on input line 467.
\Mathstrutbox@=\box36
\strutbox@=\box37
\big@size=\dimen141
LaTeX Font Info:    Redeclaring font encoding OML on input line 567.
LaTeX Font Info:    Redeclaring font encoding OMS on input line 568.
\macc@depth=\count172
\c@MaxMatrixCols=\count173
\dotsspace@=\muskip10
\c@parentequation=\count174
\dspbrk@lvl=\count175
\tag@help=\toks16
\row@=\count176
\column@=\count177
\maxfields@=\count178
\andhelp@=\toks17
\eqnshift@=\dimen142
\alignsep@=\dimen143
\tagshift@=\dimen144
\tagwidth@=\dimen145
\totwidth@=\dimen146
\lineht@=\dimen147
\@envbody=\toks18
\multlinegap=\skip59
\multlinetaggap=\skip60
\mathdisplay@stack=\toks19
LaTeX Info: Redefining \[ on input line 2666.
LaTeX Info: Redefining \] on input line 2667.
)
(E:\CTEX\MiKTeX\tex\latex\ams\classes\amsthm.sty
Package: amsthm 2004/08/06 v2.20
\thm@style=\toks20
\thm@bodyfont=\toks21
\thm@headfont=\toks22
\thm@notefont=\toks23
\thm@headpunct=\toks24
\thm@preskip=\skip61
\thm@postskip=\skip62
\thm@headsep=\skip63
\dth@everypar=\toks25
)
(E:\CTEX\MiKTeX\tex\latex\amsfonts\amsfonts.sty
Package: amsfonts 2009/06/22 v3.00 Basic AMSFonts support
\symAMSa=\mathgroup4
\symAMSb=\mathgroup5
LaTeX Font Info:    Overwriting math alphabet `\mathfrak' in version `bold'
(Font)                  U/euf/m/n --> U/euf/b/n on input line 96.
)
(E:\CTEX\MiKTeX\tex\latex\amsfonts\amssymb.sty
Package: amssymb 2009/06/22 v3.00
)
(E:\CTEX\MiKTeX\tex\latex\tools\bm.sty
Package: bm 2004/02/26 v1.1c Bold Symbol Support (DPC/FMi)
\symboldoperators=\mathgroup6
\symboldletters=\mathgroup7
\symboldsymbols=\mathgroup8
LaTeX Font Info:    Redeclaring math alphabet \mathbf on input line 138.
LaTeX Info: Redefining \bm on input line 204.
)
(E:\CTEX\MiKTeX\tex\latex\graphics\graphicx.sty
Package: graphicx 1999/02/16 v1.0f Enhanced LaTeX Graphics (DPC,SPQR)
\Gin@req@height=\dimen148
\Gin@req@width=\dimen149
)
(E:\CTEX\MiKTeX\tex\latex\psnfss\times.sty
Package: times 2005/04/12 PSNFSS-v9.2a (SPQR) 
)
(E:\CTEX\MiKTeX\tex\latex\tools\array.sty
Package: array 2008/09/09 v2.4c Tabular extension package (FMi)
\col@sep=\dimen150
\extrarowheight=\dimen151
\NC@list=\toks26
\extratabsurround=\skip64
\backup@length=\skip65
)
(E:\CTEX\MiKTeX\tex\latex\tocloft\tocloft.sty
Package: tocloft 2010/10/13 v2.3e parameterised ToC, etc., typesetting
Package tocloft Info: The document has chapter divisions on input line 43.
\cftparskip=\skip66
\cftbeforetoctitleskip=\skip67
\cftaftertoctitleskip=\skip68
\cftbeforepartskip=\skip69
\cftpartnumwidth=\skip70
\cftpartindent=\skip71
\cftbeforechapskip=\skip72
\cftchapindent=\skip73
\cftchapnumwidth=\skip74
\cftbeforesecskip=\skip75
\cftsecindent=\skip76
\cftsecnumwidth=\skip77
\cftbeforesubsecskip=\skip78
\cftsubsecindent=\skip79
\cftsubsecnumwidth=\skip80
\cftbeforesubsubsecskip=\skip81
\cftsubsubsecindent=\skip82
\cftsubsubsecnumwidth=\skip83
\cftbeforeparaskip=\skip84
\cftparaindent=\skip85
\cftparanumwidth=\skip86
\cftbeforesubparaskip=\skip87
\cftsubparaindent=\skip88
\cftsubparanumwidth=\skip89
\cftbeforeloftitleskip=\skip90
\cftafterloftitleskip=\skip91
\cftbeforefigskip=\skip92
\cftfigindent=\skip93
\cftfignumwidth=\skip94
\cftbeforelottitleskip=\skip95
\cftafterlottitleskip=\skip96
\cftbeforetabskip=\skip97
\cfttabindent=\skip98
\cfttabnumwidth=\skip99
\cftbeforesubfigskip=\skip100
\cftsubfigindent=\skip101
\cftsubfignumwidth=\skip102
\cftbeforesubtabskip=\skip103
\cftsubtabindent=\skip104
\cftsubtabnumwidth=\skip105
)
(E:\CTEX\MiKTeX\tex\latex\tocbibind\tocbibind.sty
Package: tocbibind 2010/10/13 v1.5k extra ToC listings
Package tocbibind Info: The document has chapter divisions on input line 50.


Package tocbibind Note: Using chapter style headings, unless overridden.

) (E:\CTEX\MiKTeX\tex\latex\base\makeidx.sty
Package: makeidx 2000/03/29 v1.0m Standard LaTeX package
)
(E:\CTEX\MiKTeX\tex\latex\natbib\natbib.sty
Package: natbib 2010/09/13 8.31b (PWD, AO)
\bibhang=\skip106
\bibsep=\skip107
LaTeX Info: Redefining \cite on input line 694.
\c@NAT@ctr=\count179
)
(E:\CTEX\MiKTeX\tex\latex\caption\caption.sty
Package: caption 2011/11/10 v3.2e Customizing captions (AR)

(E:\CTEX\MiKTeX\tex\latex\caption\caption3.sty
Package: caption3 2011/11/01 v1.4a caption3 kernel (AR)
\captionmargin=\dimen152
\captionmargin@=\dimen153
\captionwidth=\dimen154
\caption@indent=\dimen155
\caption@parindent=\dimen156
\caption@hangindent=\dimen157
Package caption Info: Unknown document class (or package),
(caption)             standard defaults will be used.
)

Package caption Warning: Unsupported document class (or package) detected,
(caption)                usage of the caption package is not recommended.
See the caption package documentation for explanation.

Package caption Info: \@makecaption = \long macro:#1#2->\vskip \abovecaptionski
p \sbox \@tempboxa {#1\CTEX@caption@delimiter #2}\ifdim \wd \@tempboxa >\hsize 
#1\CTEX@caption@delimiter #2\par \else \global \@minipagefalse \hb@xt@ \hsize {
\hfil \box \@tempboxa \hfil }\fi \vskip \belowcaptionskip .
\c@ContinuedFloat=\count180
) (E:\CTEX\MiKTeX\tex\latex\booktabs\booktabs.sty
Package: booktabs 2005/04/14 v1.61803 publication quality tables
\heavyrulewidth=\dimen158
\lightrulewidth=\dimen159
\cmidrulewidth=\dimen160
\belowrulesep=\dimen161
\belowbottomsep=\dimen162
\aboverulesep=\dimen163
\abovetopsep=\dimen164
\cmidrulesep=\dimen165
\cmidrulekern=\dimen166
\defaultaddspace=\dimen167
\@cmidla=\count181
\@cmidlb=\count182
\@aboverulesep=\dimen168
\@belowrulesep=\dimen169
\@thisruleclass=\count183
\@lastruleclass=\count184
\@thisrulewidth=\dimen170
)
(E:\CTEX\MiKTeX\tex\latex\tools\calc.sty
Package: calc 2007/08/22 v4.3 Infix arithmetic (KKT,FJ)
\calc@Acount=\count185
\calc@Bcount=\count186
\calc@Adimen=\dimen171
\calc@Bdimen=\dimen172
\calc@Askip=\skip108
\calc@Bskip=\skip109
LaTeX Info: Redefining \setlength on input line 76.
LaTeX Info: Redefining \addtolength on input line 77.
\calc@Ccount=\count187
\calc@Cskip=\skip110
)
(E:\CTEX\MiKTeX\tex\latex\multirow\multirow.sty
\bigstrutjot=\dimen173
)
(E:\CTEX\MiKTeX\tex\latex\xcolor\xcolor.sty
Package: xcolor 2007/01/21 v2.11 LaTeX color extensions (UK)

(E:\CTEX\MiKTeX\tex\latex\00miktex\color.cfg
File: color.cfg 2007/01/18 v1.5 color configuration of teTeX/TeXLive
)
Package xcolor Info: Driver file: dvips.def on input line 225.
LaTeX Info: Redefining \color on input line 702.
Package xcolor Info: Model `cmy' substituted by `cmy0' on input line 1337.
Package xcolor Info: Model `RGB' extended on input line 1353.
Package xcolor Info: Model `HTML' substituted by `rgb' on input line 1355.
Package xcolor Info: Model `Hsb' substituted by `hsb' on input line 1356.
Package xcolor Info: Model `tHsb' substituted by `hsb' on input line 1357.
Package xcolor Info: Model `HSB' substituted by `hsb' on input line 1358.
Package xcolor Info: Model `Gray' substituted by `gray' on input line 1359.
Package xcolor Info: Model `wave' substituted by `hsb' on input line 1360.
)
(E:\CTEX\MiKTeX\tex\latex\geometry\geometry.sty
Package: geometry 2010/09/12 v5.6 Page Geometry

(E:\CTEX\MiKTeX\tex\generic\oberdiek\ifvtex.sty
Package: ifvtex 2010/03/01 v1.5 Switches for detecting VTeX and its modes (HO)
Package ifvtex Info: VTeX not detected.
)
\Gm@cnth=\count188
\Gm@cntv=\count189
\c@Gm@tempcnt=\count190
\Gm@bindingoffset=\dimen174
\Gm@wd@mp=\dimen175
\Gm@odd@mp=\dimen176
\Gm@even@mp=\dimen177
\Gm@layoutwidth=\dimen178
\Gm@layoutheight=\dimen179
\Gm@layouthoffset=\dimen180
\Gm@layoutvoffset=\dimen181
\Gm@dimlist=\toks27

(E:\CTEX\MiKTeX\tex\latex\geometry\geometry.cfg))
(E:\CTEX\MiKTeX\tex\latex\subfigure\subfigure.sty
Package: subfigure 2002/07/30 v2.1.4 subfigure package
\subfigtopskip=\skip111
\subfigcapskip=\skip112
\subfigcaptopadj=\dimen182
\subfigbottomskip=\skip113
\subfigcapmargin=\dimen183
\subfiglabelskip=\skip114
\c@subfigure=\count191
\c@lofdepth=\count192
\c@subtable=\count193
\c@lotdepth=\count194

****************************************
* Local config file subfigure.cfg used *
****************************************
(E:\CTEX\MiKTeX\tex\latex\subfigure\subfigure.cfg)
\subfig@top=\skip115
\subfig@bottom=\skip116
)
(E:\CTEX\MiKTeX\tex\latex\was\upgreek.sty
Package: upgreek 2003/02/12 v2.0 (WaS)
Package upgreek Info: Using Euler Roman for upright Greek on input line 31.
\symugrf@m=\mathgroup9
LaTeX Font Info:    Overwriting symbol font `ugrf@m' in version `bold'
(Font)                  U/eur/m/n --> U/eur/b/n on input line 38.
)
(E:\CTEX\MiKTeX\tex\latex\tools\enumerate.sty
Package: enumerate 1999/03/05 v3.00 enumerate extensions (DPC)
\@enLab=\toks28
)
LaTeX Info: Redefining \citenum on input line 685.
\@indexfile=\write3

Writing index file è®ºæ–‡æ¨¡ç‰ˆç¤ºä¾‹.idx
) (E:\CTEX\MiKTeX\tex\latex\hyperref\hyperref.sty
Package: hyperref 2012/02/06 v6.82o Hypertext links for LaTeX

(E:\CTEX\MiKTeX\tex\generic\oberdiek\hobsub-hyperref.sty
Package: hobsub-hyperref 2011/04/23 v1.4 Bundle oberdiek, subset hyperref (HO)

(E:\CTEX\MiKTeX\tex\generic\oberdiek\hobsub-generic.sty
Package: hobsub-generic 2011/04/23 v1.4 Bundle oberdiek, subset generic (HO)
Package: hobsub 2011/04/23 v1.4 Subsetting bundle oberdiek (HO)
Package: infwarerr 2010/04/08 v1.3 Providing info/warning/message (HO)
Package: ltxcmds 2011/04/18 v1.20 LaTeX kernel commands for general use (HO)
Package: ifluatex 2010/03/01 v1.3 Provides the ifluatex switch (HO)
Package ifluatex Info: LuaTeX not detected.
Package hobsub Info: Skipping package `ifvtex' (already loaded).
Package: intcalc 2007/09/27 v1.1 Expandable integer calculations (HO)
Package hobsub Info: Skipping package `ifpdf' (already loaded).
Package: etexcmds 2011/02/16 v1.5 Prefix for e-TeX command names (HO)
Package etexcmds Info: Could not find \expanded.
(etexcmds)             That can mean that you are not using pdfTeX 1.50 or
(etexcmds)             that some package has redefined \expanded.
(etexcmds)             In the latter case, load this package earlier.
Package: kvsetkeys 2011/04/07 v1.13 Key value parser (HO)
Package: kvdefinekeys 2011/04/07 v1.3 Defining keys (HO)
Package: pdftexcmds 2011/04/22 v0.16 Utilities of pdfTeX for LuaTeX (HO)
Package pdftexcmds Info: LuaTeX not detected.
Package pdftexcmds Info: \pdf@primitive is available.
Package pdftexcmds Info: \pdf@ifprimitive is available.
Package pdftexcmds Info: \pdfdraftmode is ignored in DVI mode.
Package: pdfescape 2011/04/04 v1.12 Provides string conversions (HO)
Package: bigintcalc 2011/01/30 v1.2 Expandable big integer calculations (HO)
Package: bitset 2011/01/30 v1.1 Data type bit set (HO)
Package: uniquecounter 2011/01/30 v1.2 Provides unlimited unique counter (HO)
)
Package hobsub Info: Skipping package `hobsub' (already loaded).
Package: letltxmacro 2010/09/02 v1.4 Let assignment for LaTeX macros (HO)
Package: hopatch 2011/01/30 v1.0 Wrapper for package hooks (HO)
Package: xcolor-patch 2011/01/30 xcolor patch
Package: atveryend 2011/04/23 v1.7 Hooks at very end of document (HO)
Package: atbegshi 2011/01/30 v1.15 At begin shipout hook (HO)
Package: refcount 2010/12/01 v3.2 Data extraction from references (HO)
Package: hycolor 2011/01/30 v1.7 Color options of hyperref/bookmark (HO)
)
(E:\CTEX\MiKTeX\tex\latex\oberdiek\kvoptions.sty
Package: kvoptions 2010/12/23 v3.10 Keyval support for LaTeX options (HO)
)
\@linkdim=\dimen184
\Hy@linkcounter=\count195
\Hy@pagecounter=\count196

(E:\CTEX\MiKTeX\tex\latex\hyperref\pd1enc.def
File: pd1enc.def 2012/02/06 v6.82o Hyperref: PDFDocEncoding definition (HO)
)
\Hy@SavedSpaceFactor=\count197

(E:\CTEX\MiKTeX\tex\latex\00miktex\hyperref.cfg
File: hyperref.cfg 2002/06/06 v1.2 hyperref configuration of TeXLive
)
Package hyperref Info: Option `CJKbookmarks' set `true' on input line 3925.
Package hyperref Info: Option `colorlinks' set `true' on input line 3925.
Package hyperref Info: Option `CJKbookmarks' set `true' on input line 3925.
Package hyperref Info: Option `bookmarksnumbered' set `true' on input line 3925
.
Package hyperref Info: Option `plainpages' set `false' on input line 3925.
Package hyperref Info: Option `colorlinks' set `false' on input line 3925.
Package hyperref Info: Hyper figures OFF on input line 4046.
Package hyperref Info: Link nesting OFF on input line 4051.
Package hyperref Info: Hyper index ON on input line 4054.
Package hyperref Info: Plain pages OFF on input line 4061.
Package hyperref Info: Backreferencing OFF on input line 4066.
Package hyperref Info: Implicit mode ON; LaTeX internals redefined.
Package hyperref Info: Bookmarks ON on input line 4284.
\c@Hy@tempcnt=\count198

(E:\CTEX\MiKTeX\tex\latex\ltxmisc\url.sty
\Urlmuskip=\muskip11
Package: url 2006/04/12  ver 3.3  Verb mode for urls, etc.
)
LaTeX Info: Redefining \url on input line 4637.
\Fld@menulength=\count199
\Field@Width=\dimen185
\Fld@charsize=\dimen186
Package hyperref Info: Hyper figures OFF on input line 5757.
Package hyperref Info: Link nesting OFF on input line 5762.
Package hyperref Info: Hyper index ON on input line 5765.
Package hyperref Info: backreferencing OFF on input line 5772.
Package hyperref Info: Link coloring OFF on input line 5777.
Package hyperref Info: Link coloring with OCG OFF on input line 5782.
Package hyperref Info: PDF/A mode OFF on input line 5787.
LaTeX Info: Redefining \ref on input line 5827.
LaTeX Info: Redefining \pageref on input line 5831.
\Hy@abspage=\count200
\c@Item=\count201
Normal \count register pool exhausted, switching to extended pool.
\c@Hfootnote=\count277
)

Package hyperref Message: Driver: hdvipdfm.

(E:\CTEX\MiKTeX\tex\latex\hyperref\hdvipdfm.def
File: hdvipdfm.def 2012/02/06 v6.82o Hyperref driver for dvipdfm
\pdfm@box=\box38
\c@Hy@AnnotLevel=\count278
\HyField@AnnotCount=\count279
\Fld@listcount=\count280
\c@bookmark@seq@number=\count281

(E:\CTEX\MiKTeX\tex\latex\oberdiek\rerunfilecheck.sty
Package: rerunfilecheck 2011/04/15 v1.7 Rerun checks for auxiliary files (HO)
Package uniquecounter Info: New unique counter `rerunfilecheck' on input line 2
82.
)
\Hy@SectionHShift=\skip117
)
("D:\master thesis\ZJUthesis-master\ZJUthesis\rookie_ZJUthesis_v2.2.1_GBKUTF\gb
kver\è®ºæ–‡æ¨¡ç‰ˆç¤ºä¾‹.aux"
("D:\master thesis\ZJUthesis-master\ZJUthesis\rookie_ZJUthesis_v2.2.1_GBKUTF\gb
kver\Chapters\corrigenda.aux")
("D:\master thesis\ZJUthesis-master\ZJUthesis\rookie_ZJUthesis_v2.2.1_GBKUTF\gb
kver\Chapters\thanks.aux")
("D:\master thesis\ZJUthesis-master\ZJUthesis\rookie_ZJUthesis_v2.2.1_GBKUTF\gb
kver\Chapters\preface.aux")
("D:\master thesis\ZJUthesis-master\ZJUthesis\rookie_ZJUthesis_v2.2.1_GBKUTF\gb
kver\Chapters\abstractC.aux")
("D:\master thesis\ZJUthesis-master\ZJUthesis\rookie_ZJUthesis_v2.2.1_GBKUTF\gb
kver\Chapters\abstractE.aux")
("D:\master thesis\ZJUthesis-master\ZJUthesis\rookie_ZJUthesis_v2.2.1_GBKUTF\gb
kver\Chapters\symbol.aux")
("D:\master thesis\ZJUthesis-master\ZJUthesis\rookie_ZJUthesis_v2.2.1_GBKUTF\gb
kver\Chapters\chap1.aux")
("D:\master thesis\ZJUthesis-master\ZJUthesis\rookie_ZJUthesis_v2.2.1_GBKUTF\gb
kver\Chapters\chap2.aux")
("D:\master thesis\ZJUthesis-master\ZJUthesis\rookie_ZJUthesis_v2.2.1_GBKUTF\gb
kver\Chapters\chap3.aux")
("D:\master thesis\ZJUthesis-master\ZJUthesis\rookie_ZJUthesis_v2.2.1_GBKUTF\gb
kver\Chapters\chap4.aux")
("D:\master thesis\ZJUthesis-master\ZJUthesis\rookie_ZJUthesis_v2.2.1_GBKUTF\gb
kver\Chapters\chap5.aux")
("D:\master thesis\ZJUthesis-master\ZJUthesis\rookie_ZJUthesis_v2.2.1_GBKUTF\gb
kver\Chapters\chap6.aux")
("D:\master thesis\ZJUthesis-master\ZJUthesis\rookie_ZJUthesis_v2.2.1_GBKUTF\gb
kver\Chapters\chap7.aux")
("D:\master thesis\ZJUthesis-master\ZJUthesis\rookie_ZJUthesis_v2.2.1_GBKUTF\gb
kver\Chapters\appendix.aux")
("D:\master thesis\ZJUthesis-master\ZJUthesis\rookie_ZJUthesis_v2.2.1_GBKUTF\gb
kver\Chapters\resume.aux")
("D:\master thesis\ZJUthesis-master\ZJUthesis\rookie_ZJUthesis_v2.2.1_GBKUTF\gb
kver\Chapters\publications.aux"))
LaTeX Font Info:    Checking defaults for OML/cmm/m/it on input line 19.
LaTeX Font Info:    ... okay on input line 19.
LaTeX Font Info:    Checking defaults for T1/cmr/m/n on input line 19.
LaTeX Font Info:    ... okay on input line 19.
LaTeX Font Info:    Checking defaults for OT1/cmr/m/n on input line 19.
LaTeX Font Info:    ... okay on input line 19.
LaTeX Font Info:    Checking defaults for OMS/cmsy/m/n on input line 19.
LaTeX Font Info:    ... okay on input line 19.
LaTeX Font Info:    Checking defaults for OMX/cmex/m/n on input line 19.
LaTeX Font Info:    ... okay on input line 19.
LaTeX Font Info:    Checking defaults for U/cmr/m/n on input line 19.
LaTeX Font Info:    ... okay on input line 19.
LaTeX Font Info:    Checking defaults for TS1/cmr/m/n on input line 19.
LaTeX Font Info:    ... okay on input line 19.
LaTeX Font Info:    Checking defaults for C00/song/m/n on input line 19.
LaTeX Font Info:    ... okay on input line 19.
LaTeX Font Info:    Checking defaults for C05/song/m/n on input line 19.
LaTeX Font Info:    ... okay on input line 19.
LaTeX Font Info:    Checking defaults for C09/song/m/n on input line 19.
LaTeX Font Info:    ... okay on input line 19.
LaTeX Font Info:    Checking defaults for C10/song/m/n on input line 19.
LaTeX Font Info:    ... okay on input line 19.
LaTeX Font Info:    Checking defaults for C20/song/m/n on input line 19.
LaTeX Font Info:    ... okay on input line 19.
LaTeX Font Info:    Checking defaults for C19/song/m/n on input line 19.
LaTeX Font Info:    ... okay on input line 19.
LaTeX Font Info:    Checking defaults for C40/song/m/n on input line 19.
LaTeX Font Info:    ... okay on input line 19.
LaTeX Font Info:    Checking defaults for C42/song/m/n on input line 19.
LaTeX Font Info:    ... okay on input line 19.
LaTeX Font Info:    Checking defaults for C43/song/m/n on input line 19.
LaTeX Font Info:    ... okay on input line 19.
LaTeX Font Info:    Checking defaults for C50/song/m/n on input line 19.
LaTeX Font Info:    ... okay on input line 19.
LaTeX Font Info:    Checking defaults for C52/song/m/n on input line 19.
LaTeX Font Info:    ... okay on input line 19.
LaTeX Font Info:    Checking defaults for C49/song/m/n on input line 19.
LaTeX Font Info:    ... okay on input line 19.
LaTeX Font Info:    Checking defaults for C60/mj/m/n on input line 19.
LaTeX Font Info:    ... okay on input line 19.
LaTeX Font Info:    Checking defaults for C61/mj/m/n on input line 19.
LaTeX Font Info:    ... okay on input line 19.
LaTeX Font Info:    Checking defaults for C63/mj/m/n on input line 19.
LaTeX Font Info:    ... okay on input line 19.
LaTeX Font Info:    Checking defaults for C64/mj/m/n on input line 19.
LaTeX Font Info:    ... okay on input line 19.
LaTeX Font Info:    Checking defaults for C65/mj/m/n on input line 19.
LaTeX Font Info:    ... okay on input line 19.
LaTeX Font Info:    Checking defaults for C70/song/m/n on input line 19.
LaTeX Font Info:    ... okay on input line 19.
LaTeX Font Info:    Checking defaults for C31/song/m/n on input line 19.
LaTeX Font Info:    ... okay on input line 19.
LaTeX Font Info:    Checking defaults for C32/song/m/n on input line 19.
LaTeX Font Info:    ... okay on input line 19.
LaTeX Font Info:    Checking defaults for C33/song/m/n on input line 19.
LaTeX Font Info:    ... okay on input line 19.
LaTeX Font Info:    Checking defaults for C34/song/m/n on input line 19.
LaTeX Font Info:    ... okay on input line 19.
LaTeX Font Info:    Checking defaults for C35/song/m/n on input line 19.
LaTeX Font Info:    ... okay on input line 19.
LaTeX Font Info:    Checking defaults for C36/song/m/n on input line 19.
LaTeX Font Info:    ... okay on input line 19.
LaTeX Font Info:    Checking defaults for C37/song/m/n on input line 19.
LaTeX Font Info:    ... okay on input line 19.
LaTeX Font Info:    Checking defaults for C80/song/m/n on input line 19.
LaTeX Font Info:    ... okay on input line 19.
LaTeX Font Info:    Checking defaults for C81/song/m/n on input line 19.
LaTeX Font Info:    ... okay on input line 19.
LaTeX Font Info:    Checking defaults for C01/song/m/n on input line 19.
LaTeX Font Info:    ... okay on input line 19.
LaTeX Font Info:    Checking defaults for C11/song/m/n on input line 19.
LaTeX Font Info:    ... okay on input line 19.
LaTeX Font Info:    Checking defaults for C21/song/m/n on input line 19.
LaTeX Font Info:    ... okay on input line 19.
LaTeX Font Info:    Checking defaults for C41/song/m/n on input line 19.
LaTeX Font Info:    ... okay on input line 19.
LaTeX Font Info:    Checking defaults for C62/song/m/n on input line 19.
LaTeX Font Info:    ... okay on input line 19.
LaTeX Font Info:    Checking defaults for PD1/pdf/m/n on input line 19.
LaTeX Font Info:    ... okay on input line 19.
LaTeX Font Info:    Try loading font information for OT1+ptm on input line 19.
 (E:\CTEX\MiKTeX\tex\latex\psnfss\ot1ptm.fd
File: ot1ptm.fd 2001/06/04 font definitions for OT1/ptm.
)
Package caption Info: Begin \AtBeginDocument code.
Package caption Info: hyperref package is loaded.
Package caption Info: subfigure package is loaded.
Package caption Info: End \AtBeginDocument code.

("D:\master thesis\ZJUthesis-master\ZJUthesis\rookie_ZJUthesis_v2.2.1_GBKUTF\gb
kver\ZJUthesis.cfg"
File: ZJUthesis.cfg 2006/04/15 v1.0 ZJUthesis configuration file
\c@algo=\count282
\c@thm=\count283
\c@defn=\count284
\c@conj=\count285
\c@exmp=\count286
\c@rem=\count287
\c@case=\count288
)
*geometry* driver: auto-detecting
*geometry* detected driver: dvips
*geometry* verbose mode - [ preamble ] result:
* driver: dvips
* paper: a4paper
* layout: <same size as paper>
* layoutoffset:(h,v)=(0.0pt,0.0pt)
* modes: includehead includefoot 
* h-part:(L,W,R)=(68.0pt, 472.50787pt, 57.0pt)
* v-part:(T,H,B)=(51.0pt, 743.04684pt, 51.0pt)
* \paperwidth=597.50787pt
* \paperheight=845.04684pt
* \textwidth=472.50787pt
* \textheight=691.04684pt
* \oddsidemargin=-4.26999pt
* \evensidemargin=-4.26999pt
* \topmargin=-21.26999pt
* \headheight=12.0pt
* \headsep=14.0pt
* \topskip=12.0pt
* \footskip=26.0pt
* \marginparwidth=38.0pt
* \marginparsep=7.0pt
* \columnsep=10.0pt
* \skip\footins=10.8pt plus 1.0fil minus 2.0pt
* \hoffset=0.0pt
* \voffset=0.0pt
* \mag=1000
* \@twocolumnfalse
* \@twosidefalse
* \@mparswitchfalse
* \@reversemarginfalse
* (1in=72.27pt=25.4mm, 1cm=28.453pt)

\AtBeginShipoutBox=\box39
Package hyperref Info: Link coloring OFF on input line 19.
(E:\CTEX\MiKTeX\tex\latex\hyperref\nameref.sty
Package: nameref 2010/04/30 v2.40 Cross-referencing by name of section

(E:\CTEX\MiKTeX\tex\generic\oberdiek\gettitlestring.sty
Package: gettitlestring 2010/12/03 v1.4 Cleanup title references (HO)
)
\c@section@level=\count289
)
LaTeX Info: Redefining \ref on input line 19.
LaTeX Info: Redefining \pageref on input line 19.
LaTeX Info: Redefining \nameref on input line 19.

("D:\master thesis\ZJUthesis-master\ZJUthesis\rookie_ZJUthesis_v2.2.1_GBKUTF\gb
kver\è®ºæ–‡æ¨¡ç‰ˆç¤ºä¾‹.out")
("D:\master thesis\ZJUthesis-master\ZJUthesis\rookie_ZJUthesis_v2.2.1_GBKUTF\gb
kver\è®ºæ–‡æ¨¡ç‰ˆç¤ºä¾‹.out")
\@outlinefile=\write4
 (E:\CTEX\MiKTeX\tex\latex\cjk\standard.bdg
File: standard.bdg 2008/12/29 4.8.2
)
(E:\CTEX\MiKTeX\tex\latex\cjk\extended.enc
File: extended.enc 2008/12/29 4.8.2
)
(E:\CTEX\MiKTeX\tex\latex\cjk\extended.chr
File: extended.chr 2008/12/29 4.8.2
)
LaTeX Font Info:    Try loading font information for C19+zhsong on input line 8
0.

(E:\CTEX\MiKTeX\tex\latex\zhmetrics\c19zhsong.fd
File: c19zhsong.fd 2009/09/23 4.8.2
)
Package CJKpunct Info: punctuation spaces for family 'zhsong' do not exist. Use
 family 'def' instead. on input line 80.
LaTeX Font Info:    Try loading font information for U+msa on input line 80.

(E:\CTEX\MiKTeX\tex\latex\amsfonts\umsa.fd
File: umsa.fd 2009/06/22 v3.00 AMS symbols A
)
LaTeX Font Info:    Try loading font information for U+msb on input line 80.

(E:\CTEX\MiKTeX\tex\latex\amsfonts\umsb.fd
File: umsb.fd 2009/06/22 v3.00 AMS symbols B
)
File: ./CoverPagepic/ZJDX.eps Graphic file (type eps)
 <./CoverPagepic/ZJDX.eps>
File: ./CoverPagepic/QSY.eps Graphic file (type eps)

<./CoverPagepic/QSY.eps>
LaTeX Font Info:    Font shape `OT1/ptm/bx/n' in size <12.05> not available
(Font)              Font shape `OT1/ptm/b/n' tried instead on input line 80.
LaTeX Font Info:    Font shape `OT1/ptm/bx/n' in size <16.06> not available
(Font)              Font shape `OT1/ptm/b/n' tried instead on input line 80.
LaTeX Font Info:    Try loading font information for C19+zhfs on input line 80.

 (E:\CTEX\MiKTeX\tex\latex\zhmetrics\c19zhfs.fd
File: c19zhfs.fd 2009/09/23 4.8.2
)
LaTeX Font Info:    Font shape `OT1/ptm/bx/n' in size <18.07> not available
(Font)              Font shape `OT1/ptm/b/n' tried instead on input line 80.
LaTeX Font Info:    Font shape `OT1/ptm/bx/n' in size <15.06> not available
(Font)              Font shape `OT1/ptm/b/n' tried instead on input line 80.

[1


]
File: ./CoverPagepic/QSY.eps Graphic file (type eps)
 <./CoverPagepic/QSY.eps>
File: ./Signature/sign_ch.eps Graphic file (type eps)
 <./Signature/sign_ch.eps>
File: ./Signature/sign_ch_s.eps Graphic file (type eps)

<./Signature/sign_ch_s.eps>
Package CJKpunct Info: punctuation spaces for family 'zhfs' do not exist. Use f
amily 'def' instead. on input line 105.
 [2

]
File: ./CoverPagepic/QSY.eps Graphic file (type eps)
 <./CoverPagepic/QSY.eps>
File: ./Signature/sign_en.eps Graphic file (type eps)

<./Signature/sign_en.eps>
File: ./Signature/sign_en_s.eps Graphic file (type eps)
 <./Signature/sign_en_s.eps>
Underfull \hbox (badness 10000) in paragraph at lines 131--131

 []

[3

]
("D:\master thesis\ZJUthesis-master\ZJUthesis\rookie_ZJUthesis_v2.2.1_GBKUTF\gb
kver\Chapters\Copyright.tex"
LaTeX Font Info:    Font shape `OT1/ptm/bx/n' in size <14.05> not available
(Font)              Font shape `OT1/ptm/b/n' tried instead on input line 16.
LaTeX Font Info:    Try loading font information for C19+zhkai on input line 16
.
 (E:\CTEX\MiKTeX\tex\latex\zhmetrics\c19zhkai.fd
File: c19zhkai.fd 2009/09/23 4.8.2
)
File: ./Signature/sign_cr_1.eps Graphic file (type eps)

<./Signature/sign_cr_1.eps>
Underfull \hbox (badness 10000) detected at line 27
[]
 []

File: ./Signature/sign_cr_2.eps Graphic file (type eps)
<./Signature/sign_cr_2.eps>
Underfull \hbox (badness 10000) detected at line 50
[]
 []

File: ./Signature/sign_cr_s.eps Graphic file (type eps)
<./Signature/sign_cr_s.eps>
Underfull \hbox (badness 10000) detected at line 56
[]
 []

) [4

]
("D:\master thesis\ZJUthesis-master\ZJUthesis\rookie_ZJUthesis_v2.2.1_GBKUTF\gb
kver\Chapters\corrigenda.tex"

Package hyperref Warning: Token not allowed in a PDF string (PDFDocEncoding):
(hyperref)                \hskip 12.05pt
(hyperref)                replaced by space on input line 1.


Package hyperref Warning: Token not allowed in a PDF string (PDFDocEncoding):
(hyperref)                \hskip 12.05pt
(hyperref)                replaced by space on input line 1.


Package hyperref Warning: Token not allowed in a PDF string (PDFDocEncoding):
(hyperref)                \hskip 12.05pt
(hyperref)                replaced by space on input line 1.


Package hyperref Warning: Token not allowed in a PDF string (PDFDocEncoding):
(hyperref)                \hskip 12.05pt
(hyperref)                replaced by space on input line 1.

) [1



]
("D:\master thesis\ZJUthesis-master\ZJUthesis\rookie_ZJUthesis_v2.2.1_GBKUTF\gb
kver\Chapters\thanks.tex"

Package hyperref Warning: Token not allowed in a PDF string (PDFDocEncoding):
(hyperref)                \hskip 12.05pt
(hyperref)                replaced by space on input line 1.


Package hyperref Warning: Token not allowed in a PDF string (PDFDocEncoding):
(hyperref)                \hskip 12.05pt
(hyperref)                replaced by space on input line 1.

) [2



]
("D:\master thesis\ZJUthesis-master\ZJUthesis\rookie_ZJUthesis_v2.2.1_GBKUTF\gb
kver\Chapters\preface.tex"

Package hyperref Warning: Token not allowed in a PDF string (PDFDocEncoding):
(hyperref)                \hskip 12.05pt
(hyperref)                replaced by space on input line 1.


Package hyperref Warning: Token not allowed in a PDF string (PDFDocEncoding):
(hyperref)                \hskip 12.05pt
(hyperref)                replaced by space on input line 1.

[3



] [4]) [5]
("D:\master thesis\ZJUthesis-master\ZJUthesis\rookie_ZJUthesis_v2.2.1_GBKUTF\gb
kver\Chapters\abstractC.tex"

Package hyperref Warning: Token not allowed in a PDF string (PDFDocEncoding):
(hyperref)                \hskip 12.05pt
(hyperref)                replaced by space on input line 1.


Package hyperref Warning: Token not allowed in a PDF string (PDFDocEncoding):
(hyperref)                \hskip 12.05pt
(hyperref)                replaced by space on input line 1.

LaTeX Font Info:    Try loading font information for C19+zhhei on input line 6.

(E:\CTEX\MiKTeX\tex\latex\zhmetrics\c19zhhei.fd
File: c19zhhei.fd 2009/09/23 4.8.2
)
Package CJKpunct Info: punctuation spaces for family 'zhhei' do not exist. Use 
family 'def' instead. on input line 6.
) [6



]
("D:\master thesis\ZJUthesis-master\ZJUthesis\rookie_ZJUthesis_v2.2.1_GBKUTF\gb
kver\Chapters\abstractE.tex") [7



]

Package hyperref Warning: Token not allowed in a PDF string (PDFDocEncoding):
(hyperref)                \hskip 12.05pt
(hyperref)                replaced by space on input line 178.


Package hyperref Warning: Token not allowed in a PDF string (PDFDocEncoding):
(hyperref)                \hskip 12.05pt
(hyperref)                replaced by space on input line 178.


("D:\master thesis\ZJUthesis-master\ZJUthesis\rookie_ZJUthesis_v2.2.1_GBKUTF\gb
kver\è®ºæ–‡æ¨¡ç‰ˆç¤ºä¾‹.lof")
\tf@lof=\write5
 [8


]

Package hyperref Warning: Token not allowed in a PDF string (PDFDocEncoding):
(hyperref)                \hskip 12.05pt
(hyperref)                replaced by space on input line 183.


Package hyperref Warning: Token not allowed in a PDF string (PDFDocEncoding):
(hyperref)                \hskip 12.05pt
(hyperref)                replaced by space on input line 183.


("D:\master thesis\ZJUthesis-master\ZJUthesis\rookie_ZJUthesis_v2.2.1_GBKUTF\gb
kver\è®ºæ–‡æ¨¡ç‰ˆç¤ºä¾‹.lot")
\tf@lot=\write6
 [9

]
("D:\master thesis\ZJUthesis-master\ZJUthesis\rookie_ZJUthesis_v2.2.1_GBKUTF\gb
kver\Chapters\symbol.tex") [10


]

Package hyperref Warning: Token not allowed in a PDF string (PDFDocEncoding):
(hyperref)                \hskip 12.05pt
(hyperref)                replaced by space on input line 193.


Package hyperref Warning: Token not allowed in a PDF string (PDFDocEncoding):
(hyperref)                \hskip 12.05pt
(hyperref)                replaced by space on input line 193.


("D:\master thesis\ZJUthesis-master\ZJUthesis\rookie_ZJUthesis_v2.2.1_GBKUTF\gb
kver\è®ºæ–‡æ¨¡ç‰ˆç¤ºä¾‹.toc"
Overfull \hbox (2.06033pt too wide) detected at line 7
 \OT1/ptm/m/n/12.05 VIII
 []

[11


] [12] [13])
\tf@toc=\write7
 [14]
("D:\master thesis\ZJUthesis-master\ZJUthesis\rookie_ZJUthesis_v2.2.1_GBKUTF\gb
kver\Chapters\chap1.tex"
1\ignorespaces 
[1



]
LaTeX Font Info:    Try loading font information for OMS+ptm on input line 40.
 (E:\CTEX\MiKTeX\tex\latex\psnfss\omsptm.fd
File: omsptm.fd 
)
LaTeX Font Info:    Font shape `OMS/ptm/m/n' in size <12.05> not available
(Font)              Font shape `OMS/cmsy/m/n' tried instead on input line 40.
 [2]
LaTeX Font Info:    Font shape `OT1/ptm/bx/n' in size <8> not available
(Font)              Font shape `OT1/ptm/b/n' tried instead on input line 85.
 [3]) [4]
("D:\master thesis\ZJUthesis-master\ZJUthesis\rookie_ZJUthesis_v2.2.1_GBKUTF\gb
kver\Chapters\chap2.tex"
2\ignorespaces 
LaTeX Font Info:    Try loading font information for OT1+pcr on input line 10.
(E:\CTEX\MiKTeX\tex\latex\psnfss\ot1pcr.fd
File: ot1pcr.fd 2001/06/04 font definitions for OT1/pcr.
)
LaTeX Font Info:    Try loading font information for C19+tt on input line 24.

(E:\CTEX\MiKTeX\tex\latex\ctex\fd\c19tt.fd
File: c19tt.fd 2007/05/06 v0.8a ctex font definition file
) [5



]
File: ./Pictures/set1.eps Graphic file (type eps)
 <./Pictures/set1.eps>
LaTeX Font Info:    Try loading font information for C19+rm on input line 49.

(E:\CTEX\MiKTeX\tex\latex\ctex\fd\c19rm.fd
File: c19rm.fd 2007/05/06 v0.8a ctex font definition file
)
LaTeX Font Info:    Font shape `OT1/ptm/bx/n' in size <10.54> not available
(Font)              Font shape `OT1/ptm/b/n' tried instead on input line 49.
File: ./Pictures/set2.eps Graphic file (type eps)
 <./Pictures/set2.eps>
File: ./Pictures/set3.eps Graphic file (type eps)

<./Pictures/set3.eps> [6]
File: ./Pictures/setroot.eps Graphic file (type eps)
 <./Pictures/setroot.eps>
File: ./Pictures/rffndb.eps Graphic file (type eps)
 <./Pictures/rffndb.eps>
[7]) [8] [9]
("D:\master thesis\ZJUthesis-master\ZJUthesis\rookie_ZJUthesis_v2.2.1_GBKUTF\gb
kver\Chapters\chap3.tex"
("D:\master thesis\ZJUthesis-master\ZJUthesis\rookie_ZJUthesis_v2.2.1_GBKUTF\gb
kver\Chapters\chap3_1.tex"
3\ignorespaces 
[10



] [11]
Underfull \hbox (badness 10000) in paragraph at lines 127--127
\OT1/ptm/m/n/9.03 http://grs.zju.edu.cn/News/html/grs/xwsqjgf/xwsq/xwsq[]bszn/2
008-09-
 []

[12]
Overfull \hbox (4.0222pt too wide) in paragraph at lines 189--190
[]|[][]\OT1/pcr/m/n/9.03 \englishtitle{Thesis Title}| 
 []


Overfull \hbox (9.4402pt too wide) in paragraph at lines 194--195
[]|[][]\OT1/pcr/m/n/9.03 \englishtitletl{Second Line}| 
 []

LaTeX Font Info:    Font shape `OMS/ptm/m/n' in size <9.03> not available
(Font)              Font shape `OMS/cmsy/m/n' tried instead on input line 223.
[13] [14]

LaTeX Font Warning: Font shape `OMS/ptm/bx/n' undefined
(Font)              using `OMS/ptm/m/n' instead
(Font)              for symbol `textbraceleft' on input line 352.

LaTeX Font Info:    Font shape `OMS/ptm/bx/n' in size <12.05> not available
(Font)              Font shape `OMS/cmsy/m/n' tried instead on input line 352.
File: ./Pictures/runLaTeX.eps Graphic file (type eps)
<./Pictures/runLaTeX.eps> [15] [16]
Overfull \hbox (47.23909pt too wide) in paragraph at lines 529--544
[]
 []


Underfull \hbox (badness 10000) in paragraph at lines 529--544

 []

[17] [18] [19] [20] [21] [22] [23] [24] [25] [26])
("D:\master thesis\ZJUthesis-master\ZJUthesis\rookie_ZJUthesis_v2.2.1_GBKUTF\gb
kver\Chapters\chap3_2.tex" [27] [28]
File: ./Pictures/LHS.eps Graphic file (type eps)
 <./Pictures/LHS.eps> [29]
File: ./Pictures/LHS.eps Graphic file (type eps)

<./Pictures/LHS.eps> [30]
File: ./Pictures/matlabfig.eps Graphic file (type eps)
 <./Pictures/matlabfig.eps>
File: ./Pictures/matlabfigchg.eps Graphic file (type eps)

<./Pictures/matlabfigchg.eps> [31]
File: ./Pictures/matlabfig.eps Graphic file (type eps)
 <./Pictures/matlabfig.eps>
File: ./Pictures/matlabfigchg.eps Graphic file (type eps)

<./Pictures/matlabfigchg.eps>
Overfull \hbox (7.27261pt too wide) in paragraph at lines 230--237
[][][] [][] 
 []

[32]
Overfull \hbox (34.6766pt too wide) in paragraph at lines 303--315
[][][]\OT1/pcr/m/n/12.05 \begin{tabular}[t]{c|l|r|p{4cm}}\C19/zhfs/bx/n/12.05/5
5 ´ \C19/tt/m/n/12.05/37 L \C19/tt/m/n/12.05/42 ‚ \C19/zhfs/bx/n/12.05/47 m \C1
9/zhfs/bx/n/12.05/55 © \C19/tt/m/n/12.05/40  \C19/tt/m/n/12.05/37 I \C19/tt/m/
n/12.05/64 “|\C19/tt/m/n/12.05/26 §| \C19/zhfs/bx/n/12.05/65 5 \C19/zhfs/bx/n/1
2.05/61 ¿ \C19/zhfs/bx/n/12.05/62 †[]\OT1/pcr/m/n/12.05 \begin []{table}\C19/tt
/m/n/12.05/53 «
 []

[33] [34] [35]
Overfull \hbox (2.47005pt too wide) in paragraph at lines 439--439
[]\OT1/pcr/m/n/9.03 \multirow{2}*{\C19/tt/m/n/9.03/58 · \C19/tt/m/n/9.03/63 Ó \
C19/tt/m/n/9.03/49 
 \C19/tt/m/n/9.03/48 ü \C19/tt/m/n/9.03/60 1\OT1/pcr/m/n/9.03 } & \C19/tt/m/n/9
.03/40 1 \C19/tt/m/n/9.03/41  \C19/tt/m/n/9.03/60 1 \C19/tt/m/n/9.03/40 1\OT1/
pcr/m/n/9.03 2\C19/tt/m/n/9.03/49  \OT1/pcr/m/n/9.03 & \C19/tt/m/n/9.03/40 1 \
C19/tt/m/n/9.03/41  \C19/tt/m/n/9.03/60 1 \C19/tt/m/n/9.03/40 1\OT1/pcr/m/n/9.
03 3\C19/tt/m/n/9.03/49  \OT1/pcr/m/n/9.03 & \multicolumn{2}{|c|}{\multirow{2}
*{\C19/tt/m/n/9.03/58 ·
 []


Overfull \hbox (11.90231pt too wide) in paragraph at lines 451--453
[][][]\OT1/pcr/m/n/12.05 \cline{2-3}\C19/zhfs/bx/n/12.05/39 “ \C19/tt/m/n/12.05
/37 L \C19/tt/m/n/12.05/43 î \C19/tt/m/n/12.05/59 ‚ \C19/tt/m/n/12.05/64  \C19
/zhfs/bx/n/12.05/44 y \C19/tt/m/n/12.05/40 1 \C19/zhfs/bx/n/12.05/41  \C19/tt/
m/n/12.05/49  \C19/zhfs/bx/n/12.05/62 † \C19/tt/m/n/12.05/40 1 \C19/tt/m/n/12.
05/54 n \C19/tt/m/n/12.05/49 |\C19/tt/m/n/12.05/26 §| \C19/tt/m/n/12.05/54 X \
C19/tt/m/n/12.05/43 J \C19/zhfs/bx/n/12.05/44 y\OT1/ptm/m/n/12.05 2,3,5\C19/tt/
m/n/12.05/49 |\C19/tt/m/n/12.05/26 §| \C19/tt/m/n/12.05/63 K \C19/zhfs/bx/n/12
.05/60  \C19/tt/m/n/12.05/58 []\OT1/pcr/m/n/12.05 \cline{2-3,5}
 []

[36] [37]
Overfull \hbox (12.40337pt too wide) in paragraph at lines 571--574
[]\C19/tt/m/n/9.03/58 · \C19/tt/m/n/9.03/63 ù \C19/tt/m/n/9.03/61 ˜ \C19/tt/m/n
/9.03/40 ã \C19/tt/m/n/9.03/44 { \C19/tt/m/n/9.03/48 p \C19/tt/m/n/9.03/62 k\OT
1/pcr/m/n/9.03 {\bfseries \C19/tt/m/n/9.03/45 \ \C19/tt/m/n/9.03/39 o\OT1/pcr/m
/n/9.03 }|\C19/tt/m/n/9.03/26 §| \OT1/pcr/m/n/9.03 {\kaishu\bfseries \C19/tt/m/
n/9.03/62 k \C19/tt/m/n/9.03/47 o \C19/tt/m/n/9.03/57 N \C19/tt/m/n/9.03/37 ¿ \
C19/tt/m/n/9.03/45 \ \C19/tt/m/n/9.03/39 o\OT1/pcr/m/n/9.03 }|\C19/tt/m/n/9.03/
26 §| \C19/tt/m/n/9.03/62 k\OT1/pcr/m/n/9.03 {\heiti \C19/tt/m/n/9.03/43 ç \C19
/tt/m/n/9.03/57 N\OT1/pcr/m/n/9.03 }|\C19/tt/m/n/9.03/26 §| \C19/tt/m/n/9.03/44
 „ \C19/tt/m/n/9.03/62 k\OT1/pcr/m/n/9.03 {\zihao{3}\C19/tt/m/n/9.03/54 n
 []

[38]
LaTeX Font Info:    Try loading font information for C19+zhyou on input line 57
7.
 (E:\CTEX\MiKTeX\tex\latex\zhmetrics\c19zhyou.fd
File: c19zhyou.fd 2009/09/23 4.8.2
)
LaTeX Font Info:    Try loading font information for C19+zhli on input line 577
.

(E:\CTEX\MiKTeX\tex\latex\zhmetrics\c19zhli.fd
File: c19zhli.fd 2009/09/23 4.8.2
))) [39]
("D:\master thesis\ZJUthesis-master\ZJUthesis\rookie_ZJUthesis_v2.2.1_GBKUTF\gb
kver\Chapters\chap4.tex"
4\ignorespaces 
) [40



]
("D:\master thesis\ZJUthesis-master\ZJUthesis\rookie_ZJUthesis_v2.2.1_GBKUTF\gb
kver\Chapters\chap5.tex"
5\ignorespaces 
[41



] [42] [43]
Overfull \hbox (20.53006pt too wide) in paragraph at lines 133--133
[][]\OT1/pcr/m/n/9.03 mbsfile_wdj_v1.0.mbs  (with options: `seq-no,ed-au,dt-jnl
,jttl-rm,pp-last,num-xser,btit-rm,[] 
 []

[44] [45] [46]
Overfull \hbox (14.82996pt too wide) in paragraph at lines 298--305
[][]\C19/tt/m/n/12.05/54 , \C19/zhfs/bx/n/12.05/44  []\OT1/pcr/m/n/12.05 output
.check\C19/tt/m/n/12.05/40 é \C19/tt/m/n/12.05/42 f \C19/tt/m/n/12.05/37 â \C19
/zhfs/bx/n/12.05/60 Ø \C19/tt/m/n/12.05/54 \ \C19/tt/m/n/12.05/63 Ò \C19/tt/m/n
/12.05/40  \C19/zhfs/bx/n/12.05/48 ü \C19/tt/m/n/12.05/42 ‡ \C19/tt/m/n/12.05/
63  \C19/zhfs/bx/n/12.05/56 ƒ \C19/tt/m/n/12.05/46 ? \C19/zhfs/bx/n/12.05/60 1
 \C19/zhfs/bx/n/12.05/39 ? \C19/zhfs/bx/n/12.05/48 n|\C19/tt/m/n/12.05/26 §| \C
19/tt/m/n/12.05/46 ä \C19/zhfs/bx/n/12.05/57 N \C19/tt/m/n/12.05/43 L \C19/tt/m
/n/12.05/38 § \C19/tt/m/n/12.05/58 |\C19/tt/m/n/12.05/26 µ| \C19/zhfs/bx/n/12.
05/55 Ä \C19/tt/m/n/12.05/59 k \C19/zhfs/bx/n/12.05/36 r\OT1/ptm/m/n/12.05 "aut
hor"\C19/tt/m/n/12.05/40 
 []

[47] [48] [49] [50] [51] [52] [53] [54] [55] [56]
Overfull \hbox (1.52675pt too wide) in paragraph at lines 1025--1028
[][]\C19/tt/m/n/12.05/40 é \C19/tt/m/n/12.05/58 © \C19/tt/m/n/12.05/59 z \C19/t
t/m/n/12.05/37 I \C19/zhfs/bx/n/12.05/57 K \C19/tt/m/n/12.05/46 ? \C19/zhfs/bx/
n/12.05/60 1 \C19/tt/m/n/12.05/42 ‚ \C19/zhfs/bx/n/12.05/55 ª \C19/zhfs/bx/n/12
.05/44 z|\C19/tt/m/n/12.05/26 §| \C19/tt/m/n/12.05/54 , \C19/zhfs/bx/n/12.05/44
   \C19/tt/m/n/12.05/63 2 \C19/tt/m/n/12.05/46 ? \C19/zhfs/bx/n/12.05/60 1 \C19
/zhfs/bx/n/12.05/55 Ñ \C19/tt/m/n/12.05/38 Ñ|\C19/tt/m/n/12.05/26 §| \C19/tt/m/
n/12.05/40  \C19/zhfs/bx/n/12.05/62 † \C19/tt/m/n/12.05/53 c \C19/zhfs/bx/n/12
.05/50 ¡ \C19/zhfs/bx/n/12.05/55 Ñ \C19/tt/m/n/12.05/38 Ñ \C19/tt/m/n/12.05/37 
Ø \C19/zhfs/bx/n/12.05/57 Ó \C19/tt/m/n/12.05/40  \C19/zhfs/bx/n/12.05/55 ž|\C
19/tt/m/n/12.05/26 §| \C19/zhfs/bx/n/12.05/39 d \C19/zhfs/bx/n/12.05/55 ž\OT1/p
tm/m/n/12.05 output.state\C19/tt/m/n/12.05/40 
 []

[57] [58] [59] [60] [61]
Overfull \hbox (6.96138pt too wide) in paragraph at lines 1340--1344
[][][]\OT1/pcr/m/n/12.05 \optdef{a}{ay}{Author-year}{with some non-standard int
erface} \C19/tt/m/n/12.05/63 ù
 []


Overfull \hbox (15.11206pt too wide) in paragraph at lines 1386--1386
[]\OT1/pcr/m/n/9.03 \optdef{*}{no-auword}{The separate out reference type flag 
exist}{//editorname, BookTitle}[] 
 []


Overfull \hbox (36.78406pt too wide) in paragraph at lines 1386--1386
[]\OT1/pcr/m/n/9.03 \optdef{n}{}{The separate out reference type flag not exist
}{In editorname, editor, BookTitle}[] 
 []

[62]) [63]
("D:\master thesis\ZJUthesis-master\ZJUthesis\rookie_ZJUthesis_v2.2.1_GBKUTF\gb
kver\Chapters\chap6.tex"
6\ignorespaces 
[64



] [65] [66] [67] [68] [69] [70] [71]
Overfull \hbox (4.27606pt too wide) in paragraph at lines 455--455
[]\OT1/pcr/m/n/9.03 \else\fancyhead[L]{\songti\zihao{-5}\ZJU@value@school\ZJU@v
alue@degree\ZJU@label@thesis}[] 
 []

)
Overfull \hbox (55.10962pt too wide) in paragraph at lines 465--211
\OT1/ptm/m/n/12.05 Hu/GBT7714-2005-BibTeX-Style|\C19/tt/m/n/12.05/26 ¤||§| \C19
/zhfs/bx/n/12.05/44  \C19/tt/m/n/12.05/64   |\C19/tt/m/n/12.05/26 £|\OT1/ptm
/m/n/12.05 http://bbs.ctex.org/forum.php?mod=viewthread&tid=152755|\C19/tt/m/n/
12.05/26 ¤|
 []

[72]
("D:\master thesis\ZJUthesis-master\ZJUthesis\rookie_ZJUthesis_v2.2.1_GBKUTF\gb
kver\Chapters\chap7.tex"
7\ignorespaces 
[73



] [74] [75]) [76]
("D:\master thesis\ZJUthesis-master\ZJUthesis\rookie_ZJUthesis_v2.2.1_GBKUTF\gb
kver\è®ºæ–‡æ¨¡ç‰ˆç¤ºä¾‹.bbl"
Underfull \hbox (badness 5475) in paragraph at lines 8--12
[][]\OT1/ptm/m/n/10.54 CTeX\C19/tt/m/n/10.54/49 Ø \C19/tt/m/n/10.54/57 \OT1/pt
m/m/n/10.54 .  \C19/tt/m/n/10.54/61 ˜ \C19/tt/m/n/10.54/41 ° \C19/zhfs/m/n/10.5
4/37 Ø \C19/tt/m/n/10.54/57  \C19/zhfs/m/n/10.54/45 { \C19/tt/m/n/10.54/40 á 
[]\C19/tt/m/n/10.54/46 0 \C19/tt/m/n/10.54/55 \OT1/ptm/m/n/10.54 [EB/OL].  \C1
9/tt/m/n/10.54/64 ¥ \C19/zhfs/m/n/10.54/43 I\OT1/ptm/m/n/10.54 :\C19/tt/m/n/10.
54/64 ¥ \C19/tt/m/n/10.54/58 ©\OT1/ptm/m/n/10.54 T[]X\C19/tt/m/n/10.54/60 Æ \C1
9/zhfs/m/n/10.54/44 ¬\OT1/ptm/m/n/10.54 , 2007.
 []


Underfull \hbox (badness 1112) in paragraph at lines 68--72
[][]\OT1/ptm/m/n/10.54 Patrick W. Daly.  Nat-u-ral sci-ences ci-ta-tions and re
f-er-ences[EB].  2009.  doc/texlive-latex-base-
 []

) [77



]
("D:\master thesis\ZJUthesis-master\ZJUthesis\rookie_ZJUthesis_v2.2.1_GBKUTF\gb
kver\Chapters\appendix.tex" [78


]) [79

]
("D:\master thesis\ZJUthesis-master\ZJUthesis\rookie_ZJUthesis_v2.2.1_GBKUTF\gb
kver\è®ºæ–‡æ¨¡ç‰ˆç¤ºä¾‹.ind"

Package hyperref Warning: Token not allowed in a PDF string (PDFDocEncoding):
(hyperref)                \hskip 12.05pt
(hyperref)                replaced by space on input line 1.


Package hyperref Warning: Token not allowed in a PDF string (PDFDocEncoding):
(hyperref)                \hskip 12.05pt
(hyperref)                replaced by space on input line 1.

[80



])
("D:\master thesis\ZJUthesis-master\ZJUthesis\rookie_ZJUthesis_v2.2.1_GBKUTF\gb
kver\Chapters\resume.tex") [81



]
("D:\master thesis\ZJUthesis-master\ZJUthesis\rookie_ZJUthesis_v2.2.1_GBKUTF\gb
kver\Chapters\publications.tex") [82



]
Package atveryend Info: Empty hook `BeforeClearDocument' on input line 242.
Package atveryend Info: Empty hook `AfterLastShipout' on input line 242.

("D:\master thesis\ZJUthesis-master\ZJUthesis\rookie_ZJUthesis_v2.2.1_GBKUTF\gb
kver\è®ºæ–‡æ¨¡ç‰ˆç¤ºä¾‹.aux"
("D:\master thesis\ZJUthesis-master\ZJUthesis\rookie_ZJUthesis_v2.2.1_GBKUTF\gb
kver\Chapters\corrigenda.aux")
("D:\master thesis\ZJUthesis-master\ZJUthesis\rookie_ZJUthesis_v2.2.1_GBKUTF\gb
kver\Chapters\thanks.aux")
("D:\master thesis\ZJUthesis-master\ZJUthesis\rookie_ZJUthesis_v2.2.1_GBKUTF\gb
kver\Chapters\preface.aux")
("D:\master thesis\ZJUthesis-master\ZJUthesis\rookie_ZJUthesis_v2.2.1_GBKUTF\gb
kver\Chapters\abstractC.aux")
("D:\master thesis\ZJUthesis-master\ZJUthesis\rookie_ZJUthesis_v2.2.1_GBKUTF\gb
kver\Chapters\abstractE.aux")
("D:\master thesis\ZJUthesis-master\ZJUthesis\rookie_ZJUthesis_v2.2.1_GBKUTF\gb
kver\Chapters\symbol.aux")
("D:\master thesis\ZJUthesis-master\ZJUthesis\rookie_ZJUthesis_v2.2.1_GBKUTF\gb
kver\Chapters\chap1.aux")
("D:\master thesis\ZJUthesis-master\ZJUthesis\rookie_ZJUthesis_v2.2.1_GBKUTF\gb
kver\Chapters\chap2.aux")
("D:\master thesis\ZJUthesis-master\ZJUthesis\rookie_ZJUthesis_v2.2.1_GBKUTF\gb
kver\Chapters\chap3.aux")
("D:\master thesis\ZJUthesis-master\ZJUthesis\rookie_ZJUthesis_v2.2.1_GBKUTF\gb
kver\Chapters\chap4.aux")
("D:\master thesis\ZJUthesis-master\ZJUthesis\rookie_ZJUthesis_v2.2.1_GBKUTF\gb
kver\Chapters\chap5.aux")
("D:\master thesis\ZJUthesis-master\ZJUthesis\rookie_ZJUthesis_v2.2.1_GBKUTF\gb
kver\Chapters\chap6.aux")
("D:\master thesis\ZJUthesis-master\ZJUthesis\rookie_ZJUthesis_v2.2.1_GBKUTF\gb
kver\Chapters\chap7.aux")
("D:\master thesis\ZJUthesis-master\ZJUthesis\rookie_ZJUthesis_v2.2.1_GBKUTF\gb
kver\Chapters\appendix.aux")
("D:\master thesis\ZJUthesis-master\ZJUthesis\rookie_ZJUthesis_v2.2.1_GBKUTF\gb
kver\Chapters\resume.aux")
("D:\master thesis\ZJUthesis-master\ZJUthesis\rookie_ZJUthesis_v2.2.1_GBKUTF\gb
kver\Chapters\publications.aux"))
Package atveryend Info: Empty hook `AtVeryEndDocument' on input line 242.
Package atveryend Info: Executing hook `AtEndAfterFileList' on input line 242.
Package rerunfilecheck Info: File `è®ºæ–‡æ¨¡ç‰ˆç¤ºä¾‹.out' has not changed.
(rerunfilecheck)             Checksum: BC5810F086D5E6C0D1A28DBEB0057004;6842.


LaTeX Font Warning: Some font shapes were not available, defaults substituted.

 ) 
Here is how much of TeX's memory you used:
 19371 strings out of 494046
 326315 string characters out of 3153723
 360364 words of memory out of 3000000
 22054 multiletter control sequences out of 15000+200000
 150727 words of font info for 505 fonts, out of 3000000 for 9000
 715 hyphenation exceptions out of 8191
 46i,18n,52p,110063b,1239s stack positions out of 5000i,500n,10000p,200000b,50000s

Output written on è®ºæ–‡æ¨¡ç‰ˆç¤ºä¾‹.dvi (100 pages, 578204 bytes).
