This is pdfTeX, Version 3.1415926-2.3-1.40.12 (MiKTeX 2.9) (preloaded format=pdflatex 2017.10.3)  19 OCT 2017 20:39
entering extended mode
**F:/doc/phd/2017/phd_paper/Proposal/Chapters/chap4.tex
(F:/doc/phd/2017/phd_paper/Proposal/Chapters/chap4.tex
LaTeX2e <2011/06/27>
Babel <v3.8m> and hyphenation patterns for loaded.
! Undefined control sequence.
l.1 \chapter
            {现有成果与研究计划}
? 
! Emergency stop.
l.1 \chapter
            {现有成果与研究计划}
End of file on the terminal!

 
Here is how much of TeX's memory you used:
 7 strings out of 495354
 209 string characters out of 3183859
 44842 words of memory out of 3000000
 3276 multiletter control sequences out of 15000+200000
 3640 words of font info for 14 fonts, out of 3000000 for 9000
 14 hyphenation exceptions out of 8191
 5i,0n,1p,85b,8s stack positions out of 5000i,500n,10000p,200000b,50000s
!  ==> Fatal error occurred, no output PDF file produced!
