\BOOKMARK [0][-]{chapter*.1}{\376\377\144\130\000\040\000\040\211\201}{}% 1
\BOOKMARK [0][-]{chapter*.2}{\376\377\166\356\000\040\000\040\153\041}{}% 2
\BOOKMARK [0][-]{chapter.1}{\376\377\000\061\170\024\172\166\141\017\116\111\116\016\170\024\172\166\200\314\146\157}{}% 3
\BOOKMARK [0][-]{chapter.2}{\376\377\000\062\170\024\172\166\163\260\162\266\116\016\145\207\163\056\176\374\217\360}{}% 4
\BOOKMARK [1][-]{section.2.1}{\376\377\000\062\000\056\000\061\000\040\210\114\116\272\221\315\213\306\122\053}{chapter.2}% 5
\BOOKMARK [2][-]{subsection.2.1.1}{\376\377\000\062\000\056\000\061\000\056\000\061\000\040\166\370\121\163\145\160\143\156\226\306}{section.2.1}% 6
\BOOKMARK [2][-]{subsection.2.1.2}{\376\377\000\062\000\056\000\061\000\056\000\062\000\040\121\306\170\156\136\246\213\304\117\060\121\306\122\031}{section.2.1}% 7
\BOOKMARK [2][-]{subsection.2.1.3}{\376\377\000\062\000\056\000\061\000\056\000\063\000\040\127\372\116\216\210\150\137\201\133\146\116\140\166\204\145\271\154\325}{section.2.1}% 8
\BOOKMARK [2][-]{subsection.2.1.4}{\376\377\000\062\000\056\000\061\000\056\000\064\000\040\127\372\116\216\136\246\221\317\133\146\116\140\166\204\145\271\154\325}{section.2.1}% 9
\BOOKMARK [2][-]{subsection.2.1.5}{\376\377\000\062\000\056\000\061\000\056\000\065\000\040\127\372\116\216\134\100\220\350\162\171\137\201\166\204\145\271\154\325}{section.2.1}% 10
\BOOKMARK [2][-]{subsection.2.1.6}{\376\377\000\062\000\056\000\061\000\056\000\066\000\040\127\372\116\216\211\306\230\221\136\217\122\027\166\204\145\271\154\325}{section.2.1}% 11
\BOOKMARK [1][-]{section.2.2}{\376\377\000\062\000\056\000\062\000\040\215\350\144\104\120\317\131\064\131\032\166\356\150\007\215\337\216\052}{chapter.2}% 12
\BOOKMARK [2][-]{subsection.2.2.1}{\376\377\000\062\000\056\000\062\000\056\000\061\000\040\166\370\121\163\145\160\143\156\226\306}{section.2.2}% 13
\BOOKMARK [2][-]{subsection.2.2.2}{\376\377\000\062\000\056\000\062\000\056\000\062\000\040\121\306\170\156\136\246\213\304\117\060\121\306\122\031}{section.2.2}% 14
\BOOKMARK [2][-]{subsection.2.2.3}{\376\377\000\062\000\056\000\062\000\056\000\063\000\040\210\150\211\302\152\041\127\213}{section.2.2}% 15
\BOOKMARK [2][-]{subsection.2.2.4}{\376\377\000\062\000\056\000\062\000\056\000\064\000\040\127\372\116\216\166\370\121\163\156\344\154\342\166\204\131\032\166\356\150\007\215\337\216\052}{section.2.2}% 16
\BOOKMARK [2][-]{subsection.2.2.5}{\376\377\000\062\000\056\000\062\000\056\000\065\000\040\127\372\116\216\116\343\116\367\121\375\145\160\166\204\131\032\166\356\150\007\215\337\216\052}{section.2.2}% 17
\BOOKMARK [2][-]{subsection.2.2.6}{\376\377\000\062\000\056\000\062\000\056\000\066\000\040\215\350\144\104\120\317\131\064\123\071\221\115}{section.2.2}% 18
\BOOKMARK [0][-]{chapter.3}{\376\377\000\063\170\024\172\166\121\205\133\271\116\016\142\200\147\057\215\357\176\277}{}% 19
\BOOKMARK [1][-]{section.3.1}{\376\377\000\063\000\056\000\061\000\040\170\024\172\166\121\205\133\271}{chapter.3}% 20
\BOOKMARK [1][-]{section.3.2}{\376\377\000\063\000\056\000\062\000\040\142\200\147\057\215\357\176\277}{chapter.3}% 21
\BOOKMARK [2][-]{subsection.3.2.1}{\376\377\000\063\000\056\000\062\000\056\000\061\000\040\127\372\116\216\155\361\136\246\133\146\116\140\166\204\210\114\116\272\221\315\213\306\122\053\142\200\147\057}{section.3.2}% 22
\BOOKMARK [2][-]{subsection.3.2.2}{\376\377\000\063\000\056\000\062\000\056\000\062\000\040\127\372\116\216\210\114\116\272\221\315\213\306\122\053\162\171\137\201\166\204\215\350\144\104\120\317\131\064\131\032\166\356\150\007\215\337\216\052\142\200\147\057}{section.3.2}% 23
\BOOKMARK [0][-]{chapter.4}{\376\377\000\064\163\260\147\011\142\020\147\234\116\016\170\024\172\166\213\241\122\022}{}% 24
\BOOKMARK [1][-]{section.4.1}{\376\377\000\064\000\056\000\061\000\040\163\260\147\011\142\020\147\234}{chapter.4}% 25
\BOOKMARK [2][-]{subsection.4.1.1}{\376\377\000\064\000\056\000\061\000\056\000\061\000\040\217\271\165\114\150\067\147\054\143\026\143\230\143\137\131\061}{section.4.1}% 26
\BOOKMARK [2][-]{subsection.4.1.2}{\376\377\000\064\000\056\000\061\000\056\000\062\000\040\147\000\167\355\215\357\137\204\215\335\171\273}{section.4.1}% 27
\BOOKMARK [2][-]{subsection.4.1.3}{\376\377\000\064\000\056\000\061\000\056\000\063\000\040\127\372\116\216\136\246\221\317\133\146\116\140\166\204\116\222\133\146\116\140\145\271\154\325}{section.4.1}% 28
\BOOKMARK [2][-]{subsection.4.1.4}{\376\377\000\064\000\056\000\061\000\056\000\064\000\040\210\114\116\272\221\315\213\306\122\053\166\204\116\272\174\173\121\306\170\156\136\246\213\304\117\060}{section.4.1}% 29
\BOOKMARK [2][-]{subsection.4.1.5}{\376\377\000\064\000\056\000\061\000\056\000\065\000\040\116\016\163\260\147\011\145\271\154\325\176\323\147\234\133\371\153\324}{section.4.1}% 30
\BOOKMARK [1][-]{section.4.2}{\376\377\000\064\000\056\000\062\000\040\142\020\147\234\117\134\124\301}{chapter.4}% 31
\BOOKMARK [1][-]{section.4.3}{\376\377\000\064\000\056\000\063\000\040\170\024\172\166\213\241\122\022}{chapter.4}% 32
\BOOKMARK [0][-]{chapter*.39}{\376\377\123\302\200\003\145\207\163\056}{}% 33
